INFO     App_Run_Test:ui_actions.py:60 Connecting to GMX IMAP server...
INFO     App_Run_Test:ui_actions.py:66 Connected to GMX email account and inbox selected.
INFO     App_Run_Test:ui_actions.py:79 No new emails yet. Retrying...
INFO     App_Run_Test:ui_actions.py:79 No new emails yet. Retrying...
INFO     App_Run_Test:ui_actions.py:106 OTP successfully retrieved: 2111
INFO     App_Run_Test:ui_actions.py:110 OTP email deleted from inbox.
DEBUG    App_Run_Test:registration_page.py:64 first digit is: 2
INFO     App_Run_Test:base_page.py:14 Waiting for element: role=textbox[name="יש להזין קוד אימות שנשלח אליך בSMS - ספרה ראשונה"]
INFO     App_Run_Test:ui_actions.py:28 Filled '2' into 'role=textbox[name="יש להזין קוד אימות שנשלח אליך בSMS - ספרה ראשונה"]' element
DEBUG    App_Run_Test:registration_page.py:67 2nd digit is: 1
INFO     App_Run_Test:base_page.py:14 Waiting for element: role=textbox[name="ספרה שניה")]
ERROR    App_Run_Test:base_page.py:20 Element 'role=textbox[name="ספרה שניה")]' not found within 5000ms. Exception: Locator.wait_for: InvalidSelectorError: Error while parsing selector `textbox[name="ספרה שניה")]` - unexpected symbol ")" at position 24 during parsing attribute value
    at syntaxError (<anonymous>:3149:11)
    at readAttribute (<anonymous>:3281:7)
    at parseAttributeSelector (<anonymous>:3294:28)
    at Object.queryAll (<anonymous>:4573:22)
    at InjectedScript._queryEngineAll (<anonymous>:5930:49)
    at InjectedScript.querySelectorAll (<anonymous>:5917:30)
    at eval (eval at evaluate (:234:30), <anonymous>:6:35)
    at UtilityScript.evaluate (<anonymous>:236:17)
    at UtilityScript.<anonymous> (<anonymous>:1:44)
Call log:
  - waiting for locator("role=textbox[name=\"ספרה שניה\")]") to be visible

ERROR    App_Run_Test:ui_actions.py:30 Error while getting element: role=textbox[name="ספרה שניה")]. Exception: Element 'role=textbox[name="ספרה שניה")]' not found within 5000ms.
DEBUG    App_Run_Test:registration_page.py:70 3rd digit is: 1
INFO     App_Run_Test:base_page.py:14 Waiting for element: role=textbox[name="name="ספרה שלישית""]
ERROR    App_Run_Test:base_page.py:20 Element 'role=textbox[name="name="ספרה שלישית""]' not found within 5000ms. Exception: Locator.wait_for: InvalidSelectorError: Error while parsing selector `textbox[name="name="ספרה שלישית""]` - unexpected symbol "ס" at position 20 during parsing attribute value
    at syntaxError (<anonymous>:3149:11)
    at readAttribute (<anonymous>:3281:7)
    at parseAttributeSelector (<anonymous>:3294:28)
    at Object.queryAll (<anonymous>:4573:22)
    at InjectedScript._queryEngineAll (<anonymous>:5930:49)
    at InjectedScript.querySelectorAll (<anonymous>:5917:30)
    at eval (eval at evaluate (:234:30), <anonymous>:6:35)
    at UtilityScript.evaluate (<anonymous>:236:17)
    at UtilityScript.<anonymous> (<anonymous>:1:44)
Call log:
  - waiting for locator("role=textbox[name=\"name=\"ספרה שלישית\"\"]") to be visible

ERROR    App_Run_Test:ui_actions.py:30 Error while getting element: role=textbox[name="name="ספרה שלישית""]. Exception: Element 'role=textbox[name="name="ספרה שלישית""]' not found within 5000ms.
DEBUG    App_Run_Test:registration_page.py:73 4rt digit is: 1
INFO     App_Run_Test:base_page.py:14 Waiting for element: role=textbox[name="ספרה רביעית"]
INFO     App_Run_Test:ui_actions.py:28 Filled '1' into 'role=textbox[name="ספרה רביעית"]' element
INFO     App_Run_Test:base_page.py:14 Waiting for element: .w-full.mt-auto > .Button_button_main__pamo6
ERROR    App_Run_Test:base_page.py:20 Element '.w-full.mt-auto > .Button_button_main__pamo6' not found within 5000ms. Exception: Locator.wait_for: Timeout 5000ms exceeded.
Call log:
  - waiting for locator(".w-full.mt-auto > .Button_button_main__pamo6") to be visible

ERROR    App_Run_Test:ui_actions.py:20 Error while getting element: .w-full.mt-auto > .Button_button_main__pamo6. Exception: Element '.w-full.mt-auto > .Button_button_main__pamo6' not found within 5000ms.